<?xml version="1.0" encoding="UTF-8"?>
<testsuite name="TestSuite" time="45.57" tests="31" errors="0" skipped="27" failures="2">
  <properties>
[...]
</properties>
  <testcase name="loginApp" classname="hcl.Hybrid.LoginPage.LoginTest" time="45.126"/>
  <testcase name="testLogin" classname="hcl.Hybrid.LoginPage.TestDataDriverScript" time="0"/>
  <testcase name="afterMethod" classname="hcl.Hybrid.LoginPage.TestDataDriverScript" time="0.444">
    <failure type="java.lang.NullPointerException:">java.lang.NullPointerException: null
	at hcl.Hybrid.Base.TestBase.getScreenShot(TestBase.java:186)
	at hcl.Hybrid.Base.TestBase.getresult(TestBase.java:198)
	at hcl.Hybrid.Base.TestBase.afterMethod(TestBase.java:213)
	at sun.reflect.NativeMethodAccessorImpl.invoke0(Native Method)
	at sun.reflect.NativeMethodAccessorImpl.invoke(NativeMethodAccessorImpl.java:62)
	at sun.reflect.DelegatingMethodAccessorImpl.invoke(DelegatingMethodAccessorImpl.java:43)
	at java.lang.reflect.Method.invoke(Method.java:498)
	at org.testng.internal.MethodInvocationHelper.invokeMethod(MethodInvocationHelper.java:80)
	at org.testng.internal.Invoker.invokeConfigurationMethod(Invoker.java:525)
	at org.testng.internal.Invoker.invokeConfigurations(Invoker.java:202)
	at org.testng.internal.Invoker.invokeMethod(Invoker.java:753)
	at org.testng.internal.Invoker.invokeTestMethod(Invoker.java:842)
	at org.testng.internal.Invoker.invokeTestMethods(Invoker.java:1166)
	at org.testng.internal.TestMethodWorker.invokeTestMethods(TestMethodWorker.java:125)
	at org.testng.internal.TestMethodWorker.run(TestMethodWorker.java:109)
	at org.testng.TestRunner.runWorkers(TestRunner.java:1178)
	at org.testng.TestRunner.privateRun(TestRunner.java:757)
	at org.testng.TestRunner.run(TestRunner.java:608)
	at org.testng.SuiteRunner.runTest(SuiteRunner.java:334)
	at org.testng.SuiteRunner.runSequentially(SuiteRunner.java:329)
	at org.testng.SuiteRunner.privateRun(SuiteRunner.java:291)
	at org.testng.SuiteRunner.run(SuiteRunner.java:240)
	at org.testng.SuiteRunnerWorker.runSuite(SuiteRunnerWorker.java:52)
	at org.testng.SuiteRunnerWorker.run(SuiteRunnerWorker.java:86)
	at org.testng.TestNG.runSuitesSequentially(TestNG.java:1158)
	at org.testng.TestNG.runSuitesLocally(TestNG.java:1083)
	at org.testng.TestNG.run(TestNG.java:999)
	at org.apache.maven.surefire.testng.TestNGExecutor.run(TestNGExecutor.java:115)
	at org.apache.maven.surefire.testng.TestNGDirectoryTestSuite.executeMulti(TestNGDirectoryTestSuite.java:204)
	at org.apache.maven.surefire.testng.TestNGDirectoryTestSuite.execute(TestNGDirectoryTestSuite.java:107)
	at org.apache.maven.surefire.testng.TestNGProvider.invoke(TestNGProvider.java:112)
	at org.apache.maven.surefire.booter.ForkedBooter.invokeProviderInSameClassLoader(ForkedBooter.java:200)
	at org.apache.maven.surefire.booter.ForkedBooter.runSuitesInProcess(ForkedBooter.java:153)
	at org.apache.maven.surefire.booter.ForkedBooter.main(ForkedBooter.java:103)
</failure>
  </testcase>
  <testcase name="beforeMethod" classname="hcl.Hybrid.LoginPage.TestDataDriverScript" time="0">
    <skipped/>
  </testcase>
  <testcase name="testLogin" classname="hcl.Hybrid.LoginPage.TestDataDriverScript" time="0">
    <skipped/>
  </testcase>
  <testcase name="afterMethod" classname="hcl.Hybrid.LoginPage.TestDataDriverScript" time="0">
    <skipped/>
  </testcase>
  <testcase name="beforeMethod" classname="hcl.Hybrid.LoginPage.TestDataDriverScript" time="0">
    <skipped/>
  </testcase>
  <testcase name="testLogin" classname="hcl.Hybrid.LoginPage.TestDataDriverScript" time="0">
    <skipped/>
  </testcase>
  <testcase name="afterMethod" classname="hcl.Hybrid.LoginPage.TestDataDriverScript" time="0">
    <skipped/>
  </testcase>
  <testcase name="beforeMethod" classname="hcl.Hybrid.LoginPage.TestDataDriverScript" time="0">
    <skipped/>
  </testcase>
  <testcase name="testLogin" classname="hcl.Hybrid.LoginPage.TestDataDriverScript" time="0">
    <skipped/>
  </testcase>
  <testcase name="afterMethod" classname="hcl.Hybrid.LoginPage.TestDataDriverScript" time="0">
    <skipped/>
  </testcase>
  <testcase name="beforeMethod" classname="hcl.Hybrid.LoginPage.TestDataDriverScript" time="0">
    <skipped/>
  </testcase>
  <testcase name="testLogin" classname="hcl.Hybrid.LoginPage.TestDataDriverScript" time="0">
    <skipped/>
  </testcase>
  <testcase name="afterMethod" classname="hcl.Hybrid.LoginPage.TestDataDriverScript" time="0">
    <skipped/>
  </testcase>
  <testcase name="beforeMethod" classname="hcl.Hybrid.LoginPage.TestDataDriverScript" time="0">
    <skipped/>
  </testcase>
  <testcase name="testLogin" classname="hcl.Hybrid.LoginPage.TestDataDriverScript" time="0">
    <skipped/>
  </testcase>
  <testcase name="afterMethod" classname="hcl.Hybrid.LoginPage.TestDataDriverScript" time="0">
    <skipped/>
  </testcase>
  <testcase name="beforeMethod" classname="hcl.Hybrid.LoginPage.TestDataDriverScript" time="0">
    <skipped/>
  </testcase>
  <testcase name="testLogin" classname="hcl.Hybrid.LoginPage.TestDataDriverScript" time="0">
    <skipped/>
  </testcase>
  <testcase name="afterMethod" classname="hcl.Hybrid.LoginPage.TestDataDriverScript" time="0">
    <skipped/>
  </testcase>
  <testcase name="beforeMethod" classname="hcl.Hybrid.LoginPage.TestDataDriverScript" time="0">
    <skipped/>
    <system-out><![CDATA[excellocation  H:\FrameWorkPractice\Hybrid
2018-01-14 17:46:07 INFO  Excel_reader:19 - Creating excel object:-H:\FrameWorkPractice\Hybrid/src/main/java/hcl/Hybrid/Data/TestData.xlsx
0,0,A
0,1,B
0,2,C
0,3,D
0,4,E
0,5,F

1,0,A1
1,1,B1
1,2,C1
1,3,D1
1,4,E1
1,5,F1

2,0,A2
2,1,B2
2,2,C2
2,3,D2
2,4,E2
2,5,F2

]]></system-out>
  </testcase>
  <testcase name="testLogin1" classname="hcl.Hybrid.LoginPage.TestDataDriverScript" time="0">
    <skipped/>
  </testcase>
  <testcase name="afterMethod" classname="hcl.Hybrid.LoginPage.TestDataDriverScript" time="0">
    <skipped/>
  </testcase>
  <testcase name="beforeMethod" classname="hcl.Hybrid.LoginPage.TestDataDriverScript" time="0">
    <skipped/>
  </testcase>
  <testcase name="testLogin1" classname="hcl.Hybrid.LoginPage.TestDataDriverScript" time="0">
    <skipped/>
  </testcase>
  <testcase name="afterMethod" classname="hcl.Hybrid.LoginPage.TestDataDriverScript" time="0">
    <skipped/>
  </testcase>
  <testcase name="beforeMethod" classname="hcl.Hybrid.LoginPage.TestDataDriverScript" time="0">
    <skipped/>
  </testcase>
  <testcase name="testLogin1" classname="hcl.Hybrid.LoginPage.TestDataDriverScript" time="0">
    <skipped/>
  </testcase>
  <testcase name="afterMethod" classname="hcl.Hybrid.LoginPage.TestDataDriverScript" time="0">
    <skipped/>
  </testcase>
  <testcase name="endTest" classname="hcl.Hybrid.LoginPage.TestDataDriverScript" time="0">
    <failure type="java.lang.NullPointerException:">java.lang.NullPointerException: null
	at hcl.Hybrid.Base.TestBase.endTest(TestBase.java:224)
	at sun.reflect.NativeMethodAccessorImpl.invoke0(Native Method)
	at sun.reflect.NativeMethodAccessorImpl.invoke(NativeMethodAccessorImpl.java:62)
	at sun.reflect.DelegatingMethodAccessorImpl.invoke(DelegatingMethodAccessorImpl.java:43)
	at java.lang.reflect.Method.invoke(Method.java:498)
	at org.testng.internal.MethodInvocationHelper.invokeMethod(MethodInvocationHelper.java:80)
	at org.testng.internal.Invoker.invokeConfigurationMethod(Invoker.java:525)
	at org.testng.internal.Invoker.invokeConfigurations(Invoker.java:202)
	at org.testng.internal.Invoker.invokeConfigurations(Invoker.java:130)
	at org.testng.internal.TestMethodWorker.invokeAfterClassMethods(TestMethodWorker.java:222)
	at org.testng.internal.TestMethodWorker.run(TestMethodWorker.java:112)
	at org.testng.TestRunner.runWorkers(TestRunner.java:1178)
	at org.testng.TestRunner.privateRun(TestRunner.java:757)
	at org.testng.TestRunner.run(TestRunner.java:608)
	at org.testng.SuiteRunner.runTest(SuiteRunner.java:334)
	at org.testng.SuiteRunner.runSequentially(SuiteRunner.java:329)
	at org.testng.SuiteRunner.privateRun(SuiteRunner.java:291)
	at org.testng.SuiteRunner.run(SuiteRunner.java:240)
	at org.testng.SuiteRunnerWorker.runSuite(SuiteRunnerWorker.java:52)
	at org.testng.SuiteRunnerWorker.run(SuiteRunnerWorker.java:86)
	at org.testng.TestNG.runSuitesSequentially(TestNG.java:1158)
	at org.testng.TestNG.runSuitesLocally(TestNG.java:1083)
	at org.testng.TestNG.run(TestNG.java:999)
	at org.apache.maven.surefire.testng.TestNGExecutor.run(TestNGExecutor.java:115)
	at org.apache.maven.surefire.testng.TestNGDirectoryTestSuite.executeMulti(TestNGDirectoryTestSuite.java:204)
	at org.apache.maven.surefire.testng.TestNGDirectoryTestSuite.execute(TestNGDirectoryTestSuite.java:107)
	at org.apache.maven.surefire.testng.TestNGProvider.invoke(TestNGProvider.java:112)
	at org.apache.maven.surefire.booter.ForkedBooter.invokeProviderInSameClassLoader(ForkedBooter.java:200)
	at org.apache.maven.surefire.booter.ForkedBooter.runSuitesInProcess(ForkedBooter.java:153)
	at org.apache.maven.surefire.booter.ForkedBooter.main(ForkedBooter.java:103)
</failure>
  </testcase>
</testsuite>