<?xml version="1.0" encoding="UTF-8"?>
<testng-results skipped="9" failed="0" total="11" passed="2">
  <reporter-output>
  </reporter-output>
  <suite name="Surefire suite" duration-ms="174797" started-at="2018-01-14T17:43:13Z" finished-at="2018-01-14T17:46:08Z">
    <groups>
    </groups>
    <test name="Surefire test" duration-ms="174797" started-at="2018-01-14T17:43:13Z" finished-at="2018-01-14T17:46:08Z">
      <class name="hcl.Hybrid.LoginPage.TestDataDriverScript">
        <test-method status="PASS" signature="beforeMethod(java.lang.reflect.Method)" name="beforeMethod" is-config="true" duration-ms="1" started-at="2018-01-14T17:46:07Z" finished-at="2018-01-14T17:46:07Z">
          <params>
            <param index="0">
              <value>
                <![CDATA[public void hcl.Hybrid.LoginPage.TestDataDriverScript.testLogin(java.lang.String,java.lang.String,java.lang.String)]]>
              </value>
            </param>
          </params>
        </test-method>
        <test-method status="PASS" signature="testLogin(java.lang.String, java.lang.String, java.lang.String)" name="testLogin" duration-ms="1" started-at="2018-01-14T17:46:07Z" finished-at="2018-01-14T17:46:07Z">
          <params>
            <param index="0">
              <value>
                <![CDATA[automation@gmail.com]]>
              </value>
            </param>
            <param index="1">
              <value>
                <![CDATA[password]]>
              </value>
            </param>
            <param index="2">
              <value>
                <![CDATA[y]]>
              </value>
            </param>
          </params>
        </test-method>
        <test-method status="FAIL" signature="afterMethod(org.testng.ITestResult)" name="afterMethod" is-config="true" duration-ms="0" started-at="2018-01-14T17:46:07Z" finished-at="2018-01-14T17:46:07Z">
          <params>
            <param index="0">
              <value>
                <![CDATA[[TestResult: testLogin STATUS:SUCCESS METHOD:hcl.Hybrid.LoginPage.TestDataDriverScript.testLogin(java.lang.String, java.lang.String, java.lang.String)]
]]>
              </value>
            </param>
          </params>
          <exception class="java.lang.NullPointerException">
            <full-stacktrace>
              <![CDATA[java.lang.NullPointerException
	at hcl.Hybrid.Base.TestBase.getScreenShot(TestBase.java:186)
	at hcl.Hybrid.Base.TestBase.getresult(TestBase.java:198)
	at hcl.Hybrid.Base.TestBase.afterMethod(TestBase.java:213)
	at sun.reflect.NativeMethodAccessorImpl.invoke0(Native Method)
	at sun.reflect.NativeMethodAccessorImpl.invoke(NativeMethodAccessorImpl.java:62)
	at sun.reflect.DelegatingMethodAccessorImpl.invoke(DelegatingMethodAccessorImpl.java:43)
	at java.lang.reflect.Method.invoke(Method.java:498)
	at org.testng.internal.MethodInvocationHelper.invokeMethod(MethodInvocationHelper.java:80)
	at org.testng.internal.Invoker.invokeConfigurationMethod(Invoker.java:525)
	at org.testng.internal.Invoker.invokeConfigurations(Invoker.java:202)
	at org.testng.internal.Invoker.invokeMethod(Invoker.java:753)
	at org.testng.internal.Invoker.invokeTestMethod(Invoker.java:842)
	at org.testng.internal.Invoker.invokeTestMethods(Invoker.java:1166)
	at org.testng.internal.TestMethodWorker.invokeTestMethods(TestMethodWorker.java:125)
	at org.testng.internal.TestMethodWorker.run(TestMethodWorker.java:109)
	at org.testng.TestRunner.runWorkers(TestRunner.java:1178)
	at org.testng.TestRunner.privateRun(TestRunner.java:757)
	at org.testng.TestRunner.run(TestRunner.java:608)
	at org.testng.SuiteRunner.runTest(SuiteRunner.java:334)
	at org.testng.SuiteRunner.runSequentially(SuiteRunner.java:329)
	at org.testng.SuiteRunner.privateRun(SuiteRunner.java:291)
	at org.testng.SuiteRunner.run(SuiteRunner.java:240)
	at org.testng.SuiteRunnerWorker.runSuite(SuiteRunnerWorker.java:52)
	at org.testng.SuiteRunnerWorker.run(SuiteRunnerWorker.java:86)
	at org.testng.TestNG.runSuitesSequentially(TestNG.java:1158)
	at org.testng.TestNG.runSuitesLocally(TestNG.java:1083)
	at org.testng.TestNG.run(TestNG.java:999)
	at org.apache.maven.surefire.testng.TestNGExecutor.run(TestNGExecutor.java:115)
	at org.apache.maven.surefire.testng.TestNGDirectoryTestSuite.executeMulti(TestNGDirectoryTestSuite.java:204)
	at org.apache.maven.surefire.testng.TestNGDirectoryTestSuite.execute(TestNGDirectoryTestSuite.java:107)
	at org.apache.maven.surefire.testng.TestNGProvider.invoke(TestNGProvider.java:112)
	at org.apache.maven.surefire.booter.ForkedBooter.invokeProviderInSameClassLoader(ForkedBooter.java:200)
	at org.apache.maven.surefire.booter.ForkedBooter.runSuitesInProcess(ForkedBooter.java:153)
	at org.apache.maven.surefire.booter.ForkedBooter.main(ForkedBooter.java:103)
]]>
            </full-stacktrace>
          </exception>
        </test-method>
        <test-method status="SKIP" signature="beforeMethod(java.lang.reflect.Method)" name="beforeMethod" is-config="true" duration-ms="0" started-at="2018-01-14T17:46:07Z" finished-at="2018-01-14T17:46:07Z">
        </test-method>
        <test-method status="SKIP" signature="testLogin(java.lang.String, java.lang.String, java.lang.String)" name="testLogin" duration-ms="1" started-at="2018-01-14T17:46:07Z" finished-at="2018-01-14T17:46:07Z">
          <params>
            <param index="0">
              <value>
                <![CDATA[automation@gmail.com]]>
              </value>
            </param>
            <param index="1">
              <value>
                <![CDATA[password]]>
              </value>
            </param>
            <param index="2">
              <value>
                <![CDATA[y]]>
              </value>
            </param>
          </params>
        </test-method>
        <test-method status="SKIP" signature="beforeMethod(java.lang.reflect.Method)" name="beforeMethod" is-config="true" duration-ms="0" started-at="2018-01-14T17:46:07Z" finished-at="2018-01-14T17:46:07Z">
        </test-method>
        <test-method status="SKIP" signature="afterMethod(org.testng.ITestResult)" name="afterMethod" is-config="true" duration-ms="0" started-at="2018-01-14T17:46:07Z" finished-at="2018-01-14T17:46:07Z">
        </test-method>
        <test-method status="SKIP" signature="testLogin(java.lang.String, java.lang.String, java.lang.String)" name="testLogin" duration-ms="1" started-at="2018-01-14T17:46:07Z" finished-at="2018-01-14T17:46:07Z">
          <params>
            <param index="0">
              <value>
                <![CDATA[automation@gmail.com]]>
              </value>
            </param>
            <param index="1">
              <value>
                <![CDATA[password]]>
              </value>
            </param>
            <param index="2">
              <value>
                <![CDATA[n]]>
              </value>
            </param>
          </params>
        </test-method>
        <test-method status="SKIP" signature="afterMethod(org.testng.ITestResult)" name="afterMethod" is-config="true" duration-ms="0" started-at="2018-01-14T17:46:07Z" finished-at="2018-01-14T17:46:07Z">
        </test-method>
        <test-method status="SKIP" signature="beforeMethod(java.lang.reflect.Method)" name="beforeMethod" is-config="true" duration-ms="0" started-at="2018-01-14T17:46:07Z" finished-at="2018-01-14T17:46:07Z">
        </test-method>
        <test-method status="SKIP" signature="testLogin(java.lang.String, java.lang.String, java.lang.String)" name="testLogin" duration-ms="0" started-at="2018-01-14T17:46:07Z" finished-at="2018-01-14T17:46:07Z">
          <params>
            <param index="0">
              <value>
                <![CDATA[automation@gmail.com]]>
              </value>
            </param>
            <param index="1">
              <value>
                <![CDATA[password]]>
              </value>
            </param>
            <param index="2">
              <value>
                <![CDATA[n]]>
              </value>
            </param>
          </params>
        </test-method>
        <test-method status="SKIP" signature="afterMethod(org.testng.ITestResult)" name="afterMethod" is-config="true" duration-ms="0" started-at="2018-01-14T17:46:07Z" finished-at="2018-01-14T17:46:07Z">
        </test-method>
        <test-method status="SKIP" signature="testLogin(java.lang.String, java.lang.String, java.lang.String)" name="testLogin" duration-ms="1" started-at="2018-01-14T17:46:07Z" finished-at="2018-01-14T17:46:07Z">
          <params>
            <param index="0">
              <value>
                <![CDATA[automation@gmail.com]]>
              </value>
            </param>
            <param index="1">
              <value>
                <![CDATA[password]]>
              </value>
            </param>
            <param index="2">
              <value>
                <![CDATA[n]]>
              </value>
            </param>
          </params>
        </test-method>
        <test-method status="SKIP" signature="beforeMethod(java.lang.reflect.Method)" name="beforeMethod" is-config="true" duration-ms="0" started-at="2018-01-14T17:46:07Z" finished-at="2018-01-14T17:46:07Z">
        </test-method>
        <test-method status="SKIP" signature="afterMethod(org.testng.ITestResult)" name="afterMethod" is-config="true" duration-ms="0" started-at="2018-01-14T17:46:07Z" finished-at="2018-01-14T17:46:07Z">
        </test-method>
        <test-method status="SKIP" signature="beforeMethod(java.lang.reflect.Method)" name="beforeMethod" is-config="true" duration-ms="0" started-at="2018-01-14T17:46:07Z" finished-at="2018-01-14T17:46:07Z">
        </test-method>
        <test-method status="SKIP" signature="testLogin(java.lang.String, java.lang.String, java.lang.String)" name="testLogin" duration-ms="1" started-at="2018-01-14T17:46:07Z" finished-at="2018-01-14T17:46:07Z">
          <params>
            <param index="0">
              <value>
                <![CDATA[automation@gmail.com]]>
              </value>
            </param>
            <param index="1">
              <value>
                <![CDATA[password]]>
              </value>
            </param>
            <param index="2">
              <value>
                <![CDATA[n]]>
              </value>
            </param>
          </params>
        </test-method>
        <test-method status="SKIP" signature="afterMethod(org.testng.ITestResult)" name="afterMethod" is-config="true" duration-ms="0" started-at="2018-01-14T17:46:07Z" finished-at="2018-01-14T17:46:07Z">
        </test-method>
        <test-method status="SKIP" signature="beforeMethod(java.lang.reflect.Method)" name="beforeMethod" is-config="true" duration-ms="0" started-at="2018-01-14T17:46:07Z" finished-at="2018-01-14T17:46:07Z">
        </test-method>
        <test-method status="SKIP" signature="testLogin(java.lang.String, java.lang.String, java.lang.String)" name="testLogin" duration-ms="1" started-at="2018-01-14T17:46:07Z" finished-at="2018-01-14T17:46:07Z">
          <params>
            <param index="0">
              <value>
                <![CDATA[automation@gmail.com]]>
              </value>
            </param>
            <param index="1">
              <value>
                <![CDATA[password]]>
              </value>
            </param>
            <param index="2">
              <value>
                <![CDATA[y]]>
              </value>
            </param>
          </params>
        </test-method>
        <test-method status="SKIP" signature="afterMethod(org.testng.ITestResult)" name="afterMethod" is-config="true" duration-ms="0" started-at="2018-01-14T17:46:07Z" finished-at="2018-01-14T17:46:07Z">
        </test-method>
        <test-method status="SKIP" signature="testLogin1(java.lang.String, java.lang.String, java.lang.String, java.lang.String, java.lang.String, java.lang.String)" name="testLogin1" duration-ms="0" started-at="2018-01-14T17:46:08Z" finished-at="2018-01-14T17:46:08Z">
          <params>
            <param index="0">
              <value>
                <![CDATA[A]]>
              </value>
            </param>
            <param index="1">
              <value>
                <![CDATA[B]]>
              </value>
            </param>
            <param index="2">
              <value>
                <![CDATA[C]]>
              </value>
            </param>
            <param index="3">
              <value>
                <![CDATA[D]]>
              </value>
            </param>
            <param index="4">
              <value>
                <![CDATA[E]]>
              </value>
            </param>
            <param index="5">
              <value>
                <![CDATA[F]]>
              </value>
            </param>
          </params>
        </test-method>
        <test-method status="SKIP" signature="beforeMethod(java.lang.reflect.Method)" name="beforeMethod" is-config="true" duration-ms="0" started-at="2018-01-14T17:46:08Z" finished-at="2018-01-14T17:46:08Z">
        </test-method>
        <test-method status="SKIP" signature="testLogin1(java.lang.String, java.lang.String, java.lang.String, java.lang.String, java.lang.String, java.lang.String)" name="testLogin1" duration-ms="1" started-at="2018-01-14T17:46:08Z" finished-at="2018-01-14T17:46:08Z">
          <params>
            <param index="0">
              <value>
                <![CDATA[A1]]>
              </value>
            </param>
            <param index="1">
              <value>
                <![CDATA[B1]]>
              </value>
            </param>
            <param index="2">
              <value>
                <![CDATA[C1]]>
              </value>
            </param>
            <param index="3">
              <value>
                <![CDATA[D1]]>
              </value>
            </param>
            <param index="4">
              <value>
                <![CDATA[E1]]>
              </value>
            </param>
            <param index="5">
              <value>
                <![CDATA[F1]]>
              </value>
            </param>
          </params>
        </test-method>
        <test-method status="SKIP" signature="afterMethod(org.testng.ITestResult)" name="afterMethod" is-config="true" duration-ms="0" started-at="2018-01-14T17:46:08Z" finished-at="2018-01-14T17:46:08Z">
        </test-method>
        <test-method status="SKIP" signature="beforeMethod(java.lang.reflect.Method)" name="beforeMethod" is-config="true" duration-ms="0" started-at="2018-01-14T17:46:08Z" finished-at="2018-01-14T17:46:08Z">
        </test-method>
        <test-method status="SKIP" signature="afterMethod(org.testng.ITestResult)" name="afterMethod" is-config="true" duration-ms="0" started-at="2018-01-14T17:46:08Z" finished-at="2018-01-14T17:46:08Z">
        </test-method>
        <test-method status="SKIP" signature="beforeMethod(java.lang.reflect.Method)" name="beforeMethod" is-config="true" duration-ms="0" started-at="2018-01-14T17:46:08Z" finished-at="2018-01-14T17:46:08Z">
        </test-method>
        <test-method status="SKIP" signature="afterMethod(org.testng.ITestResult)" name="afterMethod" is-config="true" duration-ms="0" started-at="2018-01-14T17:46:08Z" finished-at="2018-01-14T17:46:08Z">
        </test-method>
        <test-method status="SKIP" signature="testLogin1(java.lang.String, java.lang.String, java.lang.String, java.lang.String, java.lang.String, java.lang.String)" name="testLogin1" duration-ms="0" started-at="2018-01-14T17:46:08Z" finished-at="2018-01-14T17:46:08Z">
          <params>
            <param index="0">
              <value>
                <![CDATA[A2]]>
              </value>
            </param>
            <param index="1">
              <value>
                <![CDATA[B2]]>
              </value>
            </param>
            <param index="2">
              <value>
                <![CDATA[C2]]>
              </value>
            </param>
            <param index="3">
              <value>
                <![CDATA[D2]]>
              </value>
            </param>
            <param index="4">
              <value>
                <![CDATA[E2]]>
              </value>
            </param>
            <param index="5">
              <value>
                <![CDATA[F2]]>
              </value>
            </param>
          </params>
        </test-method>
        <test-method status="FAIL" signature="endTest()" name="endTest" is-config="true" duration-ms="0" started-at="2018-01-14T17:46:08Z" finished-at="2018-01-14T17:46:08Z">
          <exception class="java.lang.NullPointerException">
            <full-stacktrace>
              <![CDATA[java.lang.NullPointerException
	at hcl.Hybrid.Base.TestBase.endTest(TestBase.java:224)
	at sun.reflect.NativeMethodAccessorImpl.invoke0(Native Method)
	at sun.reflect.NativeMethodAccessorImpl.invoke(NativeMethodAccessorImpl.java:62)
	at sun.reflect.DelegatingMethodAccessorImpl.invoke(DelegatingMethodAccessorImpl.java:43)
	at java.lang.reflect.Method.invoke(Method.java:498)
	at org.testng.internal.MethodInvocationHelper.invokeMethod(MethodInvocationHelper.java:80)
	at org.testng.internal.Invoker.invokeConfigurationMethod(Invoker.java:525)
	at org.testng.internal.Invoker.invokeConfigurations(Invoker.java:202)
	at org.testng.internal.Invoker.invokeConfigurations(Invoker.java:130)
	at org.testng.internal.TestMethodWorker.invokeAfterClassMethods(TestMethodWorker.java:222)
	at org.testng.internal.TestMethodWorker.run(TestMethodWorker.java:112)
	at org.testng.TestRunner.runWorkers(TestRunner.java:1178)
	at org.testng.TestRunner.privateRun(TestRunner.java:757)
	at org.testng.TestRunner.run(TestRunner.java:608)
	at org.testng.SuiteRunner.runTest(SuiteRunner.java:334)
	at org.testng.SuiteRunner.runSequentially(SuiteRunner.java:329)
	at org.testng.SuiteRunner.privateRun(SuiteRunner.java:291)
	at org.testng.SuiteRunner.run(SuiteRunner.java:240)
	at org.testng.SuiteRunnerWorker.runSuite(SuiteRunnerWorker.java:52)
	at org.testng.SuiteRunnerWorker.run(SuiteRunnerWorker.java:86)
	at org.testng.TestNG.runSuitesSequentially(TestNG.java:1158)
	at org.testng.TestNG.runSuitesLocally(TestNG.java:1083)
	at org.testng.TestNG.run(TestNG.java:999)
	at org.apache.maven.surefire.testng.TestNGExecutor.run(TestNGExecutor.java:115)
	at org.apache.maven.surefire.testng.TestNGDirectoryTestSuite.executeMulti(TestNGDirectoryTestSuite.java:204)
	at org.apache.maven.surefire.testng.TestNGDirectoryTestSuite.execute(TestNGDirectoryTestSuite.java:107)
	at org.apache.maven.surefire.testng.TestNGProvider.invoke(TestNGProvider.java:112)
	at org.apache.maven.surefire.booter.ForkedBooter.invokeProviderInSameClassLoader(ForkedBooter.java:200)
	at org.apache.maven.surefire.booter.ForkedBooter.runSuitesInProcess(ForkedBooter.java:153)
	at org.apache.maven.surefire.booter.ForkedBooter.main(ForkedBooter.java:103)
]]>
            </full-stacktrace>
          </exception>
        </test-method>
      </class>
      <class name="hcl.Hybrid.LoginPage.LoginTest">
        <test-method status="PASS" signature="launchBrowser()" name="launchBrowser" is-config="true" duration-ms="89466" started-at="2018-01-14T17:43:13Z" finished-at="2018-01-14T17:44:42Z">
        </test-method>
        <test-method status="PASS" signature="beforeMethod(java.lang.reflect.Method)" name="beforeMethod" is-config="true" duration-ms="1" started-at="2018-01-14T17:44:42Z" finished-at="2018-01-14T17:44:42Z">
          <params>
            <param index="0">
              <value>
                <![CDATA[public void hcl.Hybrid.LoginPage.LoginTest.loginApp()]]>
              </value>
            </param>
          </params>
        </test-method>
        <test-method status="PASS" signature="loginApp()" name="loginApp" duration-ms="45122" started-at="2018-01-14T17:44:42Z" finished-at="2018-01-14T17:45:27Z">
        </test-method>
        <test-method status="PASS" signature="afterMethod(org.testng.ITestResult)" name="afterMethod" is-config="true" duration-ms="3918" started-at="2018-01-14T17:45:27Z" finished-at="2018-01-14T17:45:31Z">
          <params>
            <param index="0">
              <value>
                <![CDATA[[TestResult: loginApp STATUS:SUCCESS METHOD:hcl.Hybrid.LoginPage.LoginTest.loginApp()]
]]>
              </value>
            </param>
          </params>
        </test-method>
        <test-method status="PASS" signature="endTest()" name="endTest" is-config="true" duration-ms="12349" started-at="2018-01-14T17:45:31Z" finished-at="2018-01-14T17:45:44Z">
        </test-method>
      </class>
    </test>
  </suite>
</testng-results>
