<?xml version="1.0" encoding="UTF-8"?>
<testng-results skipped="0" failed="0" total="1" passed="1">
  <reporter-output>
  </reporter-output>
  <suite name="Default suite" duration-ms="35222" started-at="2017-12-16T17:27:05Z" finished-at="2017-12-16T17:27:40Z">
    <groups>
    </groups>
    <test name="Default test" duration-ms="35222" started-at="2017-12-16T17:27:05Z" finished-at="2017-12-16T17:27:40Z">
      <class name="hcl.Hybrid.LoginPage.LoginTest">
        <test-method status="PASS" signature="launchBrowser()" name="launchBrowser" is-config="true" duration-ms="4614" started-at="2017-12-16T17:27:05Z" finished-at="2017-12-16T17:27:10Z">
        </test-method>
        <test-method status="PASS" signature="beforeMethod(java.lang.reflect.Method)" name="beforeMethod" is-config="true" duration-ms="2" started-at="2017-12-16T17:27:10Z" finished-at="2017-12-16T17:27:10Z">
          <params>
            <param index="0">
              <value>
                <![CDATA[public void hcl.Hybrid.LoginPage.LoginTest.loginApp()]]>
              </value>
            </param>
          </params>
        </test-method>
        <test-method status="PASS" signature="loginApp()" name="loginApp" duration-ms="27113" started-at="2017-12-16T17:27:10Z" finished-at="2017-12-16T17:27:37Z">
        </test-method>
        <test-method status="PASS" signature="afterMethod(org.testng.ITestResult)" name="afterMethod" is-config="true" duration-ms="1538" started-at="2017-12-16T17:27:37Z" finished-at="2017-12-16T17:27:38Z">
          <params>
            <param index="0">
              <value>
                <![CDATA[[TestResult: loginApp STATUS:SUCCESS METHOD:hcl.Hybrid.LoginPage.LoginTest.loginApp()]
]]>
              </value>
            </param>
          </params>
        </test-method>
        <test-method status="PASS" signature="endTest()" name="endTest" is-config="true" duration-ms="1902" started-at="2017-12-16T17:27:38Z" finished-at="2017-12-16T17:27:40Z">
        </test-method>
      </class>
    </test>
  </suite>
</testng-results>
